
2018-08-23 22:52:02...installerHook: Info: custom/install/install_hooks.php not present, no custom hooks to execute
2018-08-23 22:53:07...installerHook: Info: custom/install/install_hooks.php not present, no custom hooks to execute
2018-08-23 22:53:11...Begin System Check Process *************
2018-08-23 22:53:11...XML Parsing Support Found
2018-08-23 22:53:11...MBString Support Found
2018-08-23 22:53:11...ZIP Support Found
2018-08-23 22:53:11.../custom directory and subdirectory check passed
2018-08-23 22:53:11...cache directory and subdirectory check passed
2018-08-23 22:53:14.../module  directory and subdirectory check passed
2018-08-23 22:53:14.../upload directory check passed
2018-08-23 22:53:14.../zip check passed
2018-08-23 22:53:14...PCRE version check passed
2018-08-23 22:53:14...installerHook: Info: custom/install/install_hooks.php not present, no custom hooks to execute
2018-08-23 22:53:14...php.ini location found. C:\wamp64\bin\apache\apache2.4.33\bin\php.ini
2018-08-23 22:53:14...Outputting HTML for System check
2018-08-23 22:53:14...No Errors were found *************
2018-08-23 22:53:14...installerHook: Info: custom/install/install_hooks.php not present, no custom hooks to execute
2018-08-23 22:53:52...installerHook: Info: custom/install/install_hooks.php not present, no custom hooks to execute
2018-08-23 22:55:06...Begin DB Check Process *************
2018-08-23 22:55:06...testing with mysql:mysqli
2018-08-23 22:55:06...Basic form info is valid, continuing Process.
2018-08-23 22:55:06...Testing user account...
2018-08-23 22:55:06...Connection made using  host: localhost, usr: root
2018-08-23 22:55:06...SUCCESS:: no errors detected!
2018-08-23 22:55:06...End DB Check Process *************
2018-08-23 22:55:07...installerHook: Info: custom/install/install_hooks.php not present, no custom hooks to execute
2018-08-23 22:55:07...calling handleSugarConfig()
2018-08-23 22:55:07...calling handleHtaccess()
2018-08-23 22:55:07...calling handleDbCreateDatabase()
2018-08-23 22:55:09...looping through all the Beans and create their tables
2018-08-23 22:55:09...processing table acl_actions
2018-08-23 22:55:09...creating table acl_actions
2018-08-23 22:55:09...creating Relationship Meta for ACLAction
2018-08-23 22:55:09...processing table acl_roles
2018-08-23 22:55:09...creating table acl_roles
2018-08-23 22:55:09...creating Relationship Meta for ACLRole
2018-08-23 22:55:09...processing table relationships
2018-08-23 22:55:09...creating table relationships
2018-08-23 22:55:09...creating Relationship Meta for Relationship
2018-08-23 22:55:09...processing table leads
2018-08-23 22:55:10...creating table leads
2018-08-23 22:55:10...creating Relationship Meta for Lead
2018-08-23 22:55:10...processing table cases
2018-08-23 22:55:11...creating table cases
2018-08-23 22:55:11...creating Relationship Meta for Case
2018-08-23 22:55:11...processing table bugs
2018-08-23 22:55:11...creating table bugs
2018-08-23 22:55:11...creating Relationship Meta for Bug
2018-08-23 22:55:11...processing table users
2018-08-23 22:55:11...creating table users
2018-08-23 22:55:11...creating Relationship Meta for User
2018-08-23 22:55:11...processing table campaign_log
2018-08-23 22:55:11...creating table campaign_log
2018-08-23 22:55:11...creating Relationship Meta for CampaignLog
2018-08-23 22:55:11...processing table project
2018-08-23 22:55:12...creating table project
2018-08-23 22:55:12...creating Relationship Meta for Project
2018-08-23 22:55:12...processing table project_task
2018-08-23 22:55:12...creating table project_task
2018-08-23 22:55:12...creating Relationship Meta for ProjectTask
2018-08-23 22:55:12...processing table campaigns
2018-08-23 22:55:13...creating table campaigns
2018-08-23 22:55:13...creating Relationship Meta for Campaign
2018-08-23 22:55:13...processing table prospect_lists
2018-08-23 22:55:13...creating table prospect_lists
2018-08-23 22:55:13...creating Relationship Meta for ProspectList
2018-08-23 22:55:13...processing table prospects
2018-08-23 22:55:13...creating table prospects
2018-08-23 22:55:13...creating Relationship Meta for Prospect
2018-08-23 22:55:13...processing table email_marketing
2018-08-23 22:55:14...creating table email_marketing
2018-08-23 22:55:14...creating Relationship Meta for EmailMarketing
2018-08-23 22:55:14...processing table campaign_trkrs
2018-08-23 22:55:14...creating table campaign_trkrs
2018-08-23 22:55:14...creating Relationship Meta for CampaignTracker
2018-08-23 22:55:14...processing table releases
2018-08-23 22:55:14...creating table releases
2018-08-23 22:55:14...creating Relationship Meta for Release
2018-08-23 22:55:14...processing table emailman
2018-08-23 22:55:14...creating table emailman
2018-08-23 22:55:14...creating Relationship Meta for EmailMan
2018-08-23 22:55:14...processing table schedulers
2018-08-23 22:55:14...creating table schedulers
2018-08-23 22:55:14...creating Relationship Meta for Scheduler
2018-08-23 22:55:14...processing table job_queue
2018-08-23 22:55:14...creating table job_queue
2018-08-23 22:55:14...creating Relationship Meta for SchedulersJob
2018-08-23 22:55:14...processing table contacts
2018-08-23 22:55:14...creating table contacts
2018-08-23 22:55:14...creating Relationship Meta for Contact
2018-08-23 22:55:15...processing table accounts
2018-08-23 22:55:15...creating table accounts
2018-08-23 22:55:15...creating Relationship Meta for Account
2018-08-23 22:55:15...processing table opportunities
2018-08-23 22:55:15...creating table opportunities
2018-08-23 22:55:15...creating Relationship Meta for Opportunity
2018-08-23 22:55:15...processing table email_templates
2018-08-23 22:55:16...creating table email_templates
2018-08-23 22:55:16...creating Relationship Meta for EmailTemplate
2018-08-23 22:55:16...processing table notes
2018-08-23 22:55:16...creating table notes
2018-08-23 22:55:16...creating Relationship Meta for Note
2018-08-23 22:55:16...processing table calls
2018-08-23 22:55:17...creating table calls
2018-08-23 22:55:17...creating Relationship Meta for Call
2018-08-23 22:55:17...processing table emails
2018-08-23 22:55:17...creating table emails
2018-08-23 22:55:17...creating Relationship Meta for Email
2018-08-23 22:55:17...processing table meetings
2018-08-23 22:55:17...creating table meetings
2018-08-23 22:55:17...creating Relationship Meta for Meeting
2018-08-23 22:55:17...processing table tasks
2018-08-23 22:55:18...creating table tasks
2018-08-23 22:55:18...creating Relationship Meta for Task
2018-08-23 22:55:18...processing table users
2018-08-23 22:55:18...processing table users
2018-08-23 22:55:18...processing table currencies
2018-08-23 22:55:18...creating table currencies
2018-08-23 22:55:18...creating Relationship Meta for Currency
2018-08-23 22:55:18...processing table tracker
2018-08-23 22:55:18...creating table tracker
2018-08-23 22:55:18...creating Relationship Meta for Tracker
2018-08-23 22:55:18...processing table import_maps
2018-08-23 22:55:18...creating table import_maps
2018-08-23 22:55:18...creating Relationship Meta for ImportMap
2018-08-23 22:55:18...processing table users_last_import
2018-08-23 22:55:18...creating table users_last_import
2018-08-23 22:55:18...creating Relationship Meta for UsersLastImport
2018-08-23 22:55:18...processing table config
2018-08-23 22:55:18...creating table config
2018-08-23 22:55:18...creating Relationship Meta for Administration
2018-08-23 22:55:18...processing table upgrade_history
2018-08-23 22:55:18...creating table upgrade_history
2018-08-23 22:55:18...creating Relationship Meta for UpgradeHistory
2018-08-23 22:55:18...processing table vcals
2018-08-23 22:55:18...creating table vcals
2018-08-23 22:55:18...creating Relationship Meta for vCal
2018-08-23 22:55:18...processing table alerts
2018-08-23 22:55:18...creating table alerts
2018-08-23 22:55:18...creating Relationship Meta for Alert
2018-08-23 22:55:19...processing table roles
2018-08-23 22:55:19...creating table roles
2018-08-23 22:55:19...creating Relationship Meta for Role
2018-08-23 22:55:19...processing table documents
2018-08-23 22:55:19...creating table documents
2018-08-23 22:55:19...creating Relationship Meta for Document
2018-08-23 22:55:19...processing table document_revisions
2018-08-23 22:55:19...creating table document_revisions
2018-08-23 22:55:19...creating Relationship Meta for DocumentRevision
2018-08-23 22:55:19...processing table fields_meta_data
2018-08-23 22:55:19...creating table fields_meta_data
2018-08-23 22:55:19...creating Relationship Meta for FieldsMetaData
2018-08-23 22:55:19...processing table inbound_email
2018-08-23 22:55:19...creating table inbound_email
2018-08-23 22:55:19...creating Relationship Meta for InboundEmail
2018-08-23 22:55:19...processing table saved_search
2018-08-23 22:55:19...creating table saved_search
2018-08-23 22:55:19...creating Relationship Meta for SavedSearch
2018-08-23 22:55:19...processing table user_preferences
2018-08-23 22:55:19...creating table user_preferences
2018-08-23 22:55:19...creating Relationship Meta for UserPreference
2018-08-23 22:55:19...processing table 
2018-08-23 22:55:19...processing table email_addresses
2018-08-23 22:55:19...creating table email_addresses
2018-08-23 22:55:19...creating Relationship Meta for EmailAddress
2018-08-23 22:55:19...processing table emails_text
2018-08-23 22:55:19...creating table emails_text
2018-08-23 22:55:19...creating Relationship Meta for EmailText
2018-08-23 22:55:19...processing table spots
2018-08-23 22:55:20...creating table spots
2018-08-23 22:55:20...creating Relationship Meta for Spots
2018-08-23 22:55:20...processing table aobh_businesshours
2018-08-23 22:55:20...creating table aobh_businesshours
2018-08-23 22:55:20...creating Relationship Meta for AOBH_BusinessHours
2018-08-23 22:55:20...processing table sugarfeed
2018-08-23 22:55:20...creating table sugarfeed
2018-08-23 22:55:20...creating Relationship Meta for SugarFeed
2018-08-23 22:55:20...processing table eapm
2018-08-23 22:55:20...creating table eapm
2018-08-23 22:55:20...creating Relationship Meta for EAPM
2018-08-23 22:55:20...processing table oauth_consumer
2018-08-23 22:55:20...creating table oauth_consumer
2018-08-23 22:55:20...creating Relationship Meta for OAuthKey
2018-08-23 22:55:20...processing table oauth_tokens
2018-08-23 22:55:20...creating table oauth_tokens
2018-08-23 22:55:20...creating Relationship Meta for OAuthToken
2018-08-23 22:55:20...processing table am_projecttemplates
2018-08-23 22:55:21...creating table am_projecttemplates
2018-08-23 22:55:21...creating Relationship Meta for AM_ProjectTemplates
2018-08-23 22:55:21...processing table am_tasktemplates
2018-08-23 22:55:21...creating table am_tasktemplates
2018-08-23 22:55:21...creating Relationship Meta for AM_TaskTemplates
2018-08-23 22:55:21...processing table favorites
2018-08-23 22:55:21...creating table favorites
2018-08-23 22:55:21...creating Relationship Meta for Favorites
2018-08-23 22:55:21...processing table aok_knowledge_base_categories
2018-08-23 22:55:21...creating table aok_knowledge_base_categories
2018-08-23 22:55:21...creating Relationship Meta for AOK_Knowledge_Base_Categories
2018-08-23 22:55:22...processing table aok_knowledgebase
2018-08-23 22:55:22...creating table aok_knowledgebase
2018-08-23 22:55:22...creating Relationship Meta for AOK_KnowledgeBase
2018-08-23 22:55:22...processing table reminders
2018-08-23 22:55:22...creating table reminders
2018-08-23 22:55:22...creating Relationship Meta for Reminder
2018-08-23 22:55:22...processing table reminders_invitees
2018-08-23 22:55:22...creating table reminders_invitees
2018-08-23 22:55:22...creating Relationship Meta for Reminder_Invitee
2018-08-23 22:55:22...processing table fp_events
2018-08-23 22:55:22...creating table fp_events
2018-08-23 22:55:22...creating Relationship Meta for FP_events
2018-08-23 22:55:22...processing table fp_event_locations
2018-08-23 22:55:23...creating table fp_event_locations
2018-08-23 22:55:23...creating Relationship Meta for FP_Event_Locations
2018-08-23 22:55:23...processing table aod_indexevent
2018-08-23 22:55:23...creating table aod_indexevent
2018-08-23 22:55:23...creating Relationship Meta for AOD_IndexEvent
2018-08-23 22:55:23...processing table aod_index
2018-08-23 22:55:24...creating table aod_index
2018-08-23 22:55:24...creating Relationship Meta for AOD_Index
2018-08-23 22:55:24...processing table aop_case_events
2018-08-23 22:55:24...creating table aop_case_events
2018-08-23 22:55:24...creating Relationship Meta for AOP_Case_Events
2018-08-23 22:55:24...processing table aop_case_updates
2018-08-23 22:55:24...creating table aop_case_updates
2018-08-23 22:55:24...creating Relationship Meta for AOP_Case_Updates
2018-08-23 22:55:24...processing table aor_reports
2018-08-23 22:55:25...creating table aor_reports
2018-08-23 22:55:25...creating Relationship Meta for AOR_Report
2018-08-23 22:55:25...processing table aor_fields
2018-08-23 22:55:25...creating table aor_fields
2018-08-23 22:55:25...creating Relationship Meta for AOR_Field
2018-08-23 22:55:25...processing table aor_charts
2018-08-23 22:55:25...creating table aor_charts
2018-08-23 22:55:25...creating Relationship Meta for AOR_Chart
2018-08-23 22:55:25...processing table aor_conditions
2018-08-23 22:55:25...creating table aor_conditions
2018-08-23 22:55:25...creating Relationship Meta for AOR_Condition
2018-08-23 22:55:25...processing table aor_scheduled_reports
2018-08-23 22:55:25...creating table aor_scheduled_reports
2018-08-23 22:55:25...creating Relationship Meta for AOR_Scheduled_Reports
2018-08-23 22:55:25...processing table aos_contracts
2018-08-23 22:55:26...creating table aos_contracts
2018-08-23 22:55:26...creating Relationship Meta for AOS_Contracts
2018-08-23 22:55:26...processing table aos_invoices
2018-08-23 22:55:26...creating table aos_invoices
2018-08-23 22:55:26...creating Relationship Meta for AOS_Invoices
2018-08-23 22:55:26...processing table aos_pdf_templates
2018-08-23 22:55:27...creating table aos_pdf_templates
2018-08-23 22:55:27...creating Relationship Meta for AOS_PDF_Templates
2018-08-23 22:55:27...processing table aos_product_categories
2018-08-23 22:55:27...creating table aos_product_categories
2018-08-23 22:55:27...creating Relationship Meta for AOS_Product_Categories
2018-08-23 22:55:27...processing table aos_products
2018-08-23 22:55:27...creating table aos_products
2018-08-23 22:55:27...creating Relationship Meta for AOS_Products
2018-08-23 22:55:27...processing table aos_products_quotes
2018-08-23 22:55:27...creating table aos_products_quotes
2018-08-23 22:55:27...creating Relationship Meta for AOS_Products_Quotes
2018-08-23 22:55:28...processing table aos_line_item_groups
2018-08-23 22:55:28...creating table aos_line_item_groups
2018-08-23 22:55:28...creating Relationship Meta for AOS_Line_Item_Groups
2018-08-23 22:55:28...processing table aos_quotes
2018-08-23 22:55:28...creating table aos_quotes
2018-08-23 22:55:28...creating Relationship Meta for AOS_Quotes
2018-08-23 22:55:28...processing table aow_actions
2018-08-23 22:55:28...creating table aow_actions
2018-08-23 22:55:28...creating Relationship Meta for AOW_Action
2018-08-23 22:55:28...processing table aow_workflow
2018-08-23 22:55:28...creating table aow_workflow
2018-08-23 22:55:28...creating Relationship Meta for AOW_WorkFlow
2018-08-23 22:55:28...processing table aow_processed
2018-08-23 22:55:29...creating table aow_processed
2018-08-23 22:55:29...creating Relationship Meta for AOW_Processed
2018-08-23 22:55:29...processing table aow_conditions
2018-08-23 22:55:29...creating table aow_conditions
2018-08-23 22:55:29...creating Relationship Meta for AOW_Condition
2018-08-23 22:55:29...processing table jjwg_maps
2018-08-23 22:55:29...creating table jjwg_maps
2018-08-23 22:55:29...creating Relationship Meta for jjwg_Maps
2018-08-23 22:55:29...processing table jjwg_markers
2018-08-23 22:55:30...creating table jjwg_markers
2018-08-23 22:55:30...creating Relationship Meta for jjwg_Markers
2018-08-23 22:55:30...processing table jjwg_areas
2018-08-23 22:55:30...creating table jjwg_areas
2018-08-23 22:55:30...creating Relationship Meta for jjwg_Areas
2018-08-23 22:55:30...processing table jjwg_address_cache
2018-08-23 22:55:30...creating table jjwg_address_cache
2018-08-23 22:55:30...creating Relationship Meta for jjwg_Address_Cache
2018-08-23 22:55:30...processing table calls_reschedule
2018-08-23 22:55:31...creating table calls_reschedule
2018-08-23 22:55:31...creating Relationship Meta for Calls_Reschedule
2018-08-23 22:55:31...processing table securitygroups
2018-08-23 22:55:31...creating table securitygroups
2018-08-23 22:55:31...creating Relationship Meta for SecurityGroup
2018-08-23 22:55:31...processing table outbound_email
2018-08-23 22:55:32...creating table outbound_email
2018-08-23 22:55:32...creating Relationship Meta for OutboundEmailAccounts
2018-08-23 22:55:32...processing table templatesectionline
2018-08-23 22:55:32...creating table templatesectionline
2018-08-23 22:55:32...creating Relationship Meta for TemplateSectionLine
2018-08-23 22:55:32...processing table oauth2tokens
2018-08-23 22:55:32...creating table oauth2tokens
2018-08-23 22:55:32...creating Relationship Meta for OAuth2Tokens
2018-08-23 22:55:32...processing table oauth2clients
2018-08-23 22:55:32...creating table oauth2clients
2018-08-23 22:55:32...creating Relationship Meta for OAuth2Clients
2018-08-23 22:55:32...processing table surveyresponses
2018-08-23 22:55:33...creating table surveyresponses
2018-08-23 22:55:33...creating Relationship Meta for SurveyResponses
2018-08-23 22:55:33...processing table surveys
2018-08-23 22:55:33...creating table surveys
2018-08-23 22:55:33...creating Relationship Meta for Surveys
2018-08-23 22:55:33...processing table surveyquestionresponses
2018-08-23 22:55:33...creating table surveyquestionresponses
2018-08-23 22:55:33...creating Relationship Meta for SurveyQuestionResponses
2018-08-23 22:55:33...processing table surveyquestions
2018-08-23 22:55:34...creating table surveyquestions
2018-08-23 22:55:34...creating Relationship Meta for SurveyQuestions
2018-08-23 22:55:34...processing table surveyquestionoptions
2018-08-23 22:55:34...creating table surveyquestionoptions
2018-08-23 22:55:34...creating Relationship Meta for SurveyQuestionOptions
2018-08-23 22:55:35...Begin creating Defaults
2018-08-23 22:55:35...insert defaults into config table
2018-08-23 22:55:35...Creating default users
2018-08-23 22:55:36...Creating default scheduler jobs
2018-08-23 22:55:36...Enable SugarFeeds
2018-08-23 22:55:37...Installation has completed *********
2018-08-23 22:55:48...populating the db with seed data
2018-08-23 22:55:48...Save configuration settings..
2018-08-23 22:55:48...save locale
2018-08-23 22:55:48...new Administration
2018-08-23 22:55:48...retrieveSettings
2018-08-23 22:55:48...AdminWizard OFF
2018-08-23 22:55:48...saveConfig
2018-08-23 22:55:48...new Configurator
2018-08-23 22:55:48...populateFromPost
2018-08-23 22:55:48...handleOverride
2018-08-23 22:55:48...addCronAllowedUser
2018-08-23 22:55:48...saveConfig
2018-08-23 22:55:48...new Currency
2018-08-23 22:55:48...retrieve
2018-08-23 22:55:48...DBG: save currency
2018-08-23 22:55:48...Save user settings..
2018-08-23 22:55:48...DBG: SugarThemeRegistry::getDefault
2018-08-23 22:55:48...DBG: require modules/Users/Save.php
2018-08-23 22:57:25...installerHook: Info: custom/install/install_hooks.php not present, no custom hooks to execute